<?xml version="1.0" encoding="UTF-8"?>
<!-- Generated by org.testng.reporters.JUnitReportReporter -->
<testsuite skipped="0" hostname="DESKTOP-VMV8R1C" name="TestNGPractice.TestNG_2" tests="3" failures="0" timestamp="18 Nov 2019 18:08:02 GMT" time="0.011" errors="0">
  <testcase name="testing5" time="0.007" classname="TestNGPractice.TestNG_2"/>
  <testcase name="testing4" time="0.001" classname="TestNGPractice.TestNG_2"/>
  <testcase name="testing6" time="0.003" classname="TestNGPractice.TestNG_2"/>
</testsuite> <!-- TestNGPractice.TestNG_2 -->
