<?xml version="1.0" encoding="UTF-8"?>
<!-- Generated by org.testng.reporters.JUnitReportReporter -->
<testsuite skipped="0" hostname="DESKTOP-VMV8R1C" name="Betsol11" tests="3" failures="0" timestamp="08 Nov 2019 11:08:35 GMT" time="0.027" errors="0">
  <testcase name="f" time="0.021" classname="Betsol11"/>
  <testcase name="f2" time="0.003" classname="Betsol11"/>
  <testcase name="f1" time="0.003" classname="Betsol11"/>
</testsuite> <!-- Betsol11 -->
