<?xml version="1.0" encoding="UTF-8"?>
<!-- Generated by org.testng.reporters.JUnitReportReporter -->
<testsuite skipped="0" hostname="DESKTOP-VMV8R1C" name="TestNGPractice.TNG_1" tests="1" failures="0" timestamp="18 Nov 2019 11:45:50 GMT" time="8.791" errors="0">
  <testcase name="test_1" time="8.791" classname="TestNGPractice.TNG_1"/>
</testsuite> <!-- TestNGPractice.TNG_1 -->
