<?xml version="1.0" encoding="UTF-8"?>
<!-- Generated by org.testng.reporters.JUnitReportReporter -->
<testsuite skipped="0" hostname="DESKTOP-VMV8R1C" name="TestNGPractice.TestNG_1" tests="4" failures="0" timestamp="22 Nov 2019 08:12:30 GMT" time="0.023" errors="0">
  <testcase name="testing1" time="0.016" classname="TestNGPractice.TestNG_1"/>
  <testcase name="testing3" time="0.003" classname="TestNGPractice.TestNG_1"/>
  <testcase name="testing4" time="0.001" classname="TestNGPractice.TestNG_1"/>
  <testcase name="testing2" time="0.003" classname="TestNGPractice.TestNG_1"/>
</testsuite> <!-- TestNGPractice.TestNG_1 -->
