<?xml version="1.0" encoding="UTF-8"?>
<!-- Generated by org.testng.reporters.JUnitReportReporter -->
<testsuite skipped="0" hostname="DESKTOP-VMV8R1C" name="TestNGPractice.TestNG_3" tests="1" failures="0" timestamp="18 Nov 2019 18:17:08 GMT" time="0.012" errors="0">
  <testcase name="f" time="0.012" classname="TestNGPractice.TestNG_3"/>
</testsuite> <!-- TestNGPractice.TestNG_3 -->
